<?xml version="1.0" encoding="UTF-8"?>
<testng-results skipped="0" failed="0" total="2" passed="2">
  <reporter-output>
    <line>
      <![CDATA[testA...]]>
    </line>
    <line>
      <![CDATA[testB...]]>
    </line>
  </reporter-output>
  <suite name="Default suite" duration-ms="68" started-at="2017-12-23T16:07:22Z" finished-at="2017-12-23T16:07:22Z">
    <groups>
    </groups>
    <test name="Default test" duration-ms="68" started-at="2017-12-23T16:07:22Z" finished-at="2017-12-23T16:07:22Z">
      <class name="qsp.DemoA">
        <test-method status="PASS" signature="testA()[pri:0, instance:qsp.DemoA@178f375]" name="testA" duration-ms="19" started-at="2017-12-23T21:37:22Z" finished-at="2017-12-23T21:37:22Z">
          <reporter-output>
            <line>
              <![CDATA[testA...]]>
            </line>
          </reporter-output>
        </test-method> <!-- testA -->
      </class> <!-- qsp.DemoA -->
      <class name="qsp.DemoB">
        <test-method status="PASS" signature="testB()[pri:0, instance:qsp.DemoB@15be6bb]" name="testB" duration-ms="3" started-at="2017-12-23T21:37:22Z" finished-at="2017-12-23T21:37:22Z">
          <reporter-output>
            <line>
              <![CDATA[testB...]]>
            </line>
          </reporter-output>
        </test-method> <!-- testB -->
      </class> <!-- qsp.DemoB -->
    </test> <!-- Default test -->
  </suite> <!-- Default suite -->
</testng-results>
